#
# There is insufficient memory for the Java Runtime Environment to continue.
# Native memory allocation (mmap) failed to map 100663296 bytes for G1 virtual space
# Possible reasons:
#   The system is out of physical RAM or swap space
#   The process is running with CompressedOops enabled, and the Java Heap may be blocking the growth of the native heap
# Possible solutions:
#   Reduce memory load on the system
#   Increase physical memory or swap space
#   Check if swap backing store is full
#   Decrease Java heap size (-Xmx/-Xms)
#   Decrease number of Java threads
#   Decrease Java thread stack sizes (-Xss)
#   Set larger code cache with -XX:ReservedCodeCacheSize=
#   JVM is running with Unscaled Compressed Oops mode in which the Java heap is
#     placed in the first 4GB address space. The Java Heap base address is the
#     maximum limit for the native heap growth. Please use -XX:HeapBaseMinAddress
#     to set the Java Heap base and to place the Java Heap above 4GB virtual address.
# This output file may be truncated or incomplete.
#
#  Out of Memory Error (os_windows.cpp:3466), pid=8108, tid=20708
#
# JRE version:  (16.0.2+7) (build )
# Java VM: Java HotSpot(TM) 64-Bit Server VM (16.0.2+7-67, mixed mode, sharing, tiered, compressed oops, compressed class ptrs, g1 gc, windows-amd64)
# No core dump will be written. Minidumps are not enabled by default on client versions of Windows
#

---------------  S U M M A R Y ------------

Command Line: -Dfile.encoding=UTF-8 -XX:+ShowCodeDetailsInExceptionMessages taxibooking.Main

Host: AMD Ryzen 5 3550H with Radeon Vega Mobile Gfx  , 8 cores, 5G,  Windows 10 , 64 bit Build 22621 (10.0.22621.1928)
Time: Wed Aug  2 18:43:35 2023 India Standard Time elapsed time: 0.078785 seconds (0d 0h 0m 0s)

---------------  T H R E A D  ---------------

Current thread (0x0000020b1aeb6970):  JavaThread "Unknown thread" [_thread_in_vm, id=20708, stack(0x0000001564f00000,0x0000001565000000)]

Stack: [0x0000001564f00000,0x0000001565000000]
Native frames: (J=compiled Java code, j=interpreted, Vv=VM code, C=native code)
V  [jvm.dll+0x6681ca]
V  [jvm.dll+0x7c9e69]
V  [jvm.dll+0x7cb61e]
V  [jvm.dll+0x7cbc73]
V  [jvm.dll+0x242c55]
V  [jvm.dll+0x664f89]
V  [jvm.dll+0x659b75]
V  [jvm.dll+0x2fbfbb]
V  [jvm.dll+0x3031b6]
V  [jvm.dll+0x35299e]
V  [jvm.dll+0x352bcf]
V  [jvm.dll+0x2d3028]
V  [jvm.dll+0x2d4264]
V  [jvm.dll+0x79c741]
V  [jvm.dll+0x360791]
V  [jvm.dll+0x77a3f0]
V  [jvm.dll+0x3e4e8f]
V  [jvm.dll+0x3e6961]
C  [jli.dll+0x52fb]
C  [ucrtbase.dll+0x29363]
C  [KERNEL32.DLL+0x126ad]
C  [ntdll.dll+0x5aa68]


---------------  P R O C E S S  ---------------

Threads class SMR info:
_java_thread_list=0x00007ff951bbcbb8, length=0, elements={
}

Java Threads: ( => current thread )

Other Threads:
  0x0000020b1aeeea60 GCTaskThread "GC Thread#0" [stack: 0x0000001565000000,0x0000001565100000] [id=23048]
  0x0000020b1aefc700 ConcurrentGCThread "G1 Main Marker" [stack: 0x0000001565100000,0x0000001565200000] [id=14024]
  0x0000020b1aefda00 ConcurrentGCThread "G1 Conc#0" [stack: 0x0000001565200000,0x0000001565300000] [id=9012]

[error occurred during error reporting (printing all threads), id 0xc0000005, EXCEPTION_ACCESS_VIOLATION (0xc0000005) at pc=0x00007ff951393ee7]

VM state: not at safepoint (not fully initialized)

VM Mutex/Monitor currently owned by a thread:  ([mutex/lock_event])
[0x0000020b1aeb3680] Heap_lock - owner thread: 0x0000020b1aeb6970

Heap address: 0x00000000a1e00000, size: 1506 MB, Compressed Oops mode: 32-bit

CDS archive(s) mapped at: [0x0000000000000000-0x0000000000000000-0x0000000000000000), size 0, SharedBaseAddress: 0x0000000800000000, ArchiveRelocationMode: 0.
Narrow klass base: 0x0000000000000000, Narrow klass shift: 0, Narrow klass range: 0x0

GC Precious Log:
<Empty>

Heap:
 garbage-first heap   total 0K, used 0K [0x00000000a1e00000, 0x0000000100000000)
  region size 1024K, 0 young (0K), 0 survivors (0K)

[error occurred during error reporting (printing heap information), id 0xc0000005, EXCEPTION_ACCESS_VIOLATION (0xc0000005) at pc=0x00007ff951771eed]

GC Heap History (0 events):
No events

Deoptimization events (0 events):
No events

Classes unloaded (0 events):
No events

Classes redefined (0 events):
No events

Internal exceptions (0 events):
No events

Events (1 events):
Event: 0.018 Loaded shared library C:\Program Files\Java\jdk-16.0.2\bin\java.dll


Dynamic libraries:
0x00007ff78cec0000 - 0x00007ff78ced0000 	C:\Program Files\Java\jdk-16.0.2\bin\javaw.exe
0x00007ff9a1250000 - 0x00007ff9a1464000 	C:\WINDOWS\SYSTEM32\ntdll.dll
0x00007ff99ff60000 - 0x00007ff9a0022000 	C:\WINDOWS\System32\KERNEL32.DLL
0x00007ff99e9a0000 - 0x00007ff99ed43000 	C:\WINDOWS\System32\KERNELBASE.dll
0x00007ff99edf0000 - 0x00007ff99ef01000 	C:\WINDOWS\System32\ucrtbase.dll
0x00007ff988b50000 - 0x00007ff988b68000 	C:\Program Files\Java\jdk-16.0.2\bin\jli.dll
0x00007ff98ff90000 - 0x00007ff98ffa9000 	C:\Program Files\Java\jdk-16.0.2\bin\VCRUNTIME140.dll
0x00007ff99fd00000 - 0x00007ff99fdae000 	C:\WINDOWS\System32\ADVAPI32.dll
0x00007ff99f6a0000 - 0x00007ff99f747000 	C:\WINDOWS\System32\msvcrt.dll
0x00007ff9a00e0000 - 0x00007ff9a0184000 	C:\WINDOWS\System32\sechost.dll
0x00007ff99f580000 - 0x00007ff99f697000 	C:\WINDOWS\System32\RPCRT4.dll
0x00007ff99f3c0000 - 0x00007ff99f56a000 	C:\WINDOWS\System32\USER32.dll
0x00007ff99edc0000 - 0x00007ff99ede6000 	C:\WINDOWS\System32\win32u.dll
0x00007ff988eb0000 - 0x00007ff98913e000 	C:\WINDOWS\WinSxS\amd64_microsoft.windows.common-controls_6595b64144ccf1df_6.0.22621.1635_none_270f70857386168e\COMCTL32.dll
0x00007ff99f090000 - 0x00007ff99f0b9000 	C:\WINDOWS\System32\GDI32.dll
0x00007ff99ef10000 - 0x00007ff99f029000 	C:\WINDOWS\System32\gdi32full.dll
0x00007ff99e900000 - 0x00007ff99e99a000 	C:\WINDOWS\System32\msvcp_win.dll
0x00007ff998550000 - 0x00007ff99855a000 	C:\WINDOWS\SYSTEM32\VERSION.dll
0x00007ff99fc10000 - 0x00007ff99fc41000 	C:\WINDOWS\System32\IMM32.DLL
0x00007ff98ff20000 - 0x00007ff98ff2c000 	C:\Program Files\Java\jdk-16.0.2\bin\vcruntime140_1.dll
0x00007ff96a5c0000 - 0x00007ff96a651000 	C:\Program Files\Java\jdk-16.0.2\bin\msvcp140.dll
0x00007ff9510b0000 - 0x00007ff951c5b000 	C:\Program Files\Java\jdk-16.0.2\bin\server\jvm.dll
0x00007ff99f570000 - 0x00007ff99f578000 	C:\WINDOWS\System32\PSAPI.DLL
0x00007ff999880000 - 0x00007ff999889000 	C:\WINDOWS\SYSTEM32\WSOCK32.dll
0x00007ff997220000 - 0x00007ff997254000 	C:\WINDOWS\SYSTEM32\WINMM.dll
0x00007ff9a0190000 - 0x00007ff9a0201000 	C:\WINDOWS\System32\WS2_32.dll
0x00007ff99d640000 - 0x00007ff99d658000 	C:\WINDOWS\SYSTEM32\kernel.appcore.dll
0x00007ff988d70000 - 0x00007ff988d7a000 	C:\Program Files\Java\jdk-16.0.2\bin\jimage.dll
0x00007ff982510000 - 0x00007ff98273e000 	C:\WINDOWS\SYSTEM32\DBGHELP.DLL
0x00007ff99f880000 - 0x00007ff99fc09000 	C:\WINDOWS\System32\combase.dll
0x00007ff99f0c0000 - 0x00007ff99f197000 	C:\WINDOWS\System32\OLEAUT32.dll
0x00007ff980f20000 - 0x00007ff980f52000 	C:\WINDOWS\SYSTEM32\dbgcore.DLL
0x00007ff99e880000 - 0x00007ff99e8fa000 	C:\WINDOWS\System32\bcryptPrimitives.dll
0x00007ff9806b0000 - 0x00007ff9806d5000 	C:\Program Files\Java\jdk-16.0.2\bin\java.dll

dbghelp: loaded successfully - version: 4.0.5 - missing functions: none
symbol engine: initialized successfully - sym options: 0x614 - pdb path: .;C:\Program Files\Java\jdk-16.0.2\bin;C:\WINDOWS\SYSTEM32;C:\WINDOWS\WinSxS\amd64_microsoft.windows.common-controls_6595b64144ccf1df_6.0.22621.1635_none_270f70857386168e;C:\Program Files\Java\jdk-16.0.2\bin\server

VM Arguments:
jvm_args: -Dfile.encoding=UTF-8 -XX:+ShowCodeDetailsInExceptionMessages 
java_command: taxibooking.Main
java_class_path (initial): C:\Users\selwi\eclipse-workspace\Taxi Booking System\bin;C:\Users\selwi\Downloads\mysql-connector-j-8.1.0\mysql-connector-j-8.1.0.jar
Launcher Type: SUN_STANDARD

[Global flags]
     intx CICompilerCount                          = 4                                         {product} {ergonomic}
     uint ConcGCThreads                            = 2                                         {product} {ergonomic}
     uint G1ConcRefinementThreads                  = 8                                         {product} {ergonomic}
   size_t G1HeapRegionSize                         = 1048576                                   {product} {ergonomic}
    uintx GCDrainStackTargetSize                   = 64                                        {product} {ergonomic}
   size_t InitialHeapSize                          = 100663296                                 {product} {ergonomic}
   size_t MarkStackSize                            = 4194304                                   {product} {ergonomic}
   size_t MaxHeapSize                              = 1579155456                                {product} {ergonomic}
   size_t MinHeapDeltaBytes                        = 1048576                                   {product} {ergonomic}
   size_t MinHeapSize                              = 8388608                                   {product} {ergonomic}
    uintx NonNMethodCodeHeapSize                   = 5839372                                {pd product} {ergonomic}
    uintx NonProfiledCodeHeapSize                  = 122909434                              {pd product} {ergonomic}
    uintx ProfiledCodeHeapSize                     = 122909434                              {pd product} {ergonomic}
    uintx ReservedCodeCacheSize                    = 251658240                              {pd product} {ergonomic}
     bool SegmentedCodeCache                       = true                                      {product} {ergonomic}
     bool ShowCodeDetailsInExceptionMessages       = true                                   {manageable} {command line}
   size_t SoftMaxHeapSize                          = 1579155456                             {manageable} {ergonomic}
     bool UseCompressedClassPointers               = true                           {product lp64_product} {ergonomic}
     bool UseCompressedOops                        = true                           {product lp64_product} {ergonomic}
     bool UseG1GC                                  = true                                      {product} {ergonomic}
     bool UseLargePagesIndividualAllocation        = false                                  {pd product} {ergonomic}

Logging:
Log output configuration:
 #0: stdout all=warning uptime,level,tags
 #1: stderr all=off uptime,level,tags

Environment Variables:
JAVA_HOME=C:\Program Files\AdoptOpenJDK\jdk-8.0.292.10-hotspot\
PATH=C:\Python311\Scripts\;C:\Python311\;C:\Program Files\Common Files\Oracle\Java\javapath;C:\Program Files (x86)\Common Files\Oracle\Java\javapath;C:\Program Files\AdoptOpenJDK\jdk-8.0.292.10-hotspot\bin;C:\windows\system32;C:\windows;C:\windows\System32\Wbem;C:\windows\System32\WindowsPowerShell\v1.0\;C:\windows\System32\OpenSSH\;C:\Program Files (x86)\NVIDIA Corporation\PhysX\Common;C:\Program Files\NVIDIA Corporation\NVIDIA NvDLISR;C:\WINDOWS\system32;C:\WINDOWS;C:\WINDOWS\System32\Wbem;C:\WINDOWS\System32\WindowsPowerShell\v1.0\;C:\WINDOWS\System32\OpenSSH\;C:\Program Files\MySQL\MySQL Server 8.0\bin;C:\Program Files\nodejs\;C:\ProgramData\chocolatey\bin;C:\Program Files\MySQL\MySQL Shell 8.0\bin\;C:\Users\selwi\AppData\Local\Microsoft\WindowsApps;C:\Users\selwi\AppData\Local\Programs\Microsoft VS Code\bin;C:\Users\selwi\AppData\Roaming\npm;
USERNAME=selwin
OS=Windows_NT
PROCESSOR_IDENTIFIER=AMD64 Family 23 Model 24 Stepping 1, AuthenticAMD



---------------  S Y S T E M  ---------------

OS:
 Windows 10 , 64 bit Build 22621 (10.0.22621.1928)
OS uptime: 1 days 1:14 hours

CPU: total 8 (initial active 8) (8 cores per cpu, 2 threads per core) family 23 model 24 stepping 1 microcode 0x0, cx8, cmov, fxsr, ht, mmx, 3dnowpref, sse, sse2, sse3, ssse3, sse4a, sse4.1, sse4.2, popcnt, lzcnt, tsc, tscinvbit, avx, avx2, aes, clmul, bmi1, bmi2, adx, sha, fma, vzeroupper, clflush, clflushopt

Memory: 4k page, system-wide physical 6021M (882M free)
TotalPageFile size 10989M (AvailPageFile size 70M)
current process WorkingSet (physical memory assigned to process): 10M, peak: 10M
current process commit charge ("private bytes"): 60M, peak: 156M

vm_info: Java HotSpot(TM) 64-Bit Server VM (16.0.2+7-67) for windows-amd64 JRE (16.0.2+7-67), built on Jun  8 2021 23:24:19 by "mach5one" with MS VC++ 16.7 (VS2019)

END.
